[0.010s] Invoking command in '/root/build/orb_slam3_ros2_wrapper': CMAKE_PREFIX_PATH=${CMAKE_PREFIX_PATH}:/opt/ros/humble /usr/bin/cmake --build /root/build/orb_slam3_ros2_wrapper -- -j18 -l18
[0.029s] [0mBuild type: Release[0m
[0.029s] -- Found ament_cmake_auto: 1.3.10 (/opt/ros/humble/share/ament_cmake_auto/cmake)
[0.111s] -- Override CMake install command with custom implementation using symlinks instead of copying resources
[0.117s] -- Found rclcpp: 16.0.10 (/opt/ros/humble/share/rclcpp/cmake)
[0.135s] -- Found rosidl_generator_c: 3.1.5 (/opt/ros/humble/share/rosidl_generator_c/cmake)
[0.136s] -- Found rosidl_adapter: 3.1.5 (/opt/ros/humble/share/rosidl_adapter/cmake)
[0.140s] -- Found rosidl_generator_cpp: 3.1.5 (/opt/ros/humble/share/rosidl_generator_cpp/cmake)
[0.146s] -- Using all available rosidl_typesupport_c: rosidl_typesupport_fastrtps_c;rosidl_typesupport_introspection_c
[0.153s] -- Using all available rosidl_typesupport_cpp: rosidl_typesupport_fastrtps_cpp;rosidl_typesupport_introspection_cpp
[0.173s] -- Found rmw_implementation_cmake: 6.1.2 (/opt/ros/humble/share/rmw_implementation_cmake/cmake)
[0.173s] [31mCMake Error at /opt/ros/humble/share/rmw_implementation_cmake/cmake/get_default_rmw_implementation.cmake:60 (message):
[0.173s]   Could not find ROS middleware implementation 'rmw_cyclonedds_cpp'.  Choose
[0.174s]   one of the following: rmw_fastrtps_cpp
[0.174s] Call Stack (most recent call first):
[0.174s]   /opt/ros/humble/share/rmw_implementation/cmake/rmw_implementation-extras.cmake:19 (get_default_rmw_implementation)
[0.174s]   /opt/ros/humble/share/rmw_implementation/cmake/rmw_implementationConfig.cmake:41 (include)
[0.174s]   /opt/ros/humble/share/rcl/cmake/ament_cmake_export_dependencies-extras.cmake:21 (find_package)
[0.174s]   /opt/ros/humble/share/rcl/cmake/rclConfig.cmake:41 (include)
[0.174s]   /opt/ros/humble/share/libstatistics_collector/cmake/ament_cmake_export_dependencies-extras.cmake:21 (find_package)
[0.174s]   /opt/ros/humble/share/libstatistics_collector/cmake/libstatistics_collectorConfig.cmake:41 (include)
[0.174s]   /opt/ros/humble/share/rclcpp/cmake/ament_cmake_export_dependencies-extras.cmake:21 (find_package)
[0.174s]   /opt/ros/humble/share/rclcpp/cmake/rclcppConfig.cmake:41 (include)
[0.174s]   CMakeLists.txt:31 (find_package)
[0.174s] 
[0.174s] [0m
[0.174s] -- Configuring incomplete, errors occurred!
[0.174s] See also "/root/build/orb_slam3_ros2_wrapper/CMakeFiles/CMakeOutput.log".
[0.177s] gmake: *** [Makefile:420: cmake_check_build_system] Error 1
[0.179s] Invoked command in '/root/build/orb_slam3_ros2_wrapper' returned '2': CMAKE_PREFIX_PATH=${CMAKE_PREFIX_PATH}:/opt/ros/humble /usr/bin/cmake --build /root/build/orb_slam3_ros2_wrapper -- -j18 -l18
