[0.018s] Invoking command in '/root/build/slam_msgs': CMAKE_PREFIX_PATH=${CMAKE_PREFIX_PATH}:/opt/ros/humble /usr/bin/cmake /root/colcon_ws/src/slam_msgs -DCMAKE_INSTALL_PREFIX=/root/install/slam_msgs
[0.063s] -- The C compiler identification is GNU 11.4.0
[0.101s] -- The CXX compiler identification is GNU 11.4.0
[0.105s] -- Detecting C compiler ABI info
[0.150s] -- Detecting C compiler ABI info - done
[0.155s] -- Check for working C compiler: /usr/bin/cc - skipped
[0.156s] -- Detecting C compile features
[0.156s] -- Detecting C compile features - done
[0.158s] -- Detecting CXX compiler ABI info
[0.211s] -- Detecting CXX compiler ABI info - done
[0.215s] -- Check for working CXX compiler: /usr/bin/c++ - skipped
[0.215s] -- Detecting CXX compile features
[0.216s] -- Detecting CXX compile features - done
[0.218s] -- Found ament_cmake: 1.3.10 (/opt/ros/humble/share/ament_cmake/cmake)
[0.319s] -- Found Python3: /usr/bin/python3 (found version "3.10.12") found components: Interpreter 
[0.391s] -- Found rclcpp: 16.0.10 (/opt/ros/humble/share/rclcpp/cmake)
[0.419s] -- Found rosidl_generator_c: 3.1.5 (/opt/ros/humble/share/rosidl_generator_c/cmake)
[0.423s] -- Found rosidl_adapter: 3.1.5 (/opt/ros/humble/share/rosidl_adapter/cmake)
[0.428s] -- Found rosidl_generator_cpp: 3.1.5 (/opt/ros/humble/share/rosidl_generator_cpp/cmake)
[0.435s] -- Using all available rosidl_typesupport_c: rosidl_typesupport_fastrtps_c;rosidl_typesupport_introspection_c
[0.445s] -- Using all available rosidl_typesupport_cpp: rosidl_typesupport_fastrtps_cpp;rosidl_typesupport_introspection_cpp
[0.471s] -- Found rmw_implementation_cmake: 6.1.2 (/opt/ros/humble/share/rmw_implementation_cmake/cmake)
[0.473s] -- Found rmw_fastrtps_cpp: 6.2.7 (/opt/ros/humble/share/rmw_fastrtps_cpp/cmake)
[0.547s] -- Found OpenSSL: /usr/lib/x86_64-linux-gnu/libcrypto.so (found version "3.0.2")  
[0.572s] -- Found FastRTPS: /opt/ros/humble/include  
[0.602s] -- Using RMW implementation 'rmw_fastrtps_cpp' as default
[0.610s] -- Looking for pthread.h
[0.666s] -- Looking for pthread.h - found
[0.666s] -- Performing Test CMAKE_HAVE_LIBC_PTHREAD
[0.720s] -- Performing Test CMAKE_HAVE_LIBC_PTHREAD - Success
[0.722s] -- Found Threads: TRUE  
[0.753s] -- Found geometry_msgs: 4.2.4 (/opt/ros/humble/share/geometry_msgs/cmake)
[0.761s] -- Found sensor_msgs: 4.2.4 (/opt/ros/humble/share/sensor_msgs/cmake)
[0.773s] -- Found rosidl_default_generators: 1.2.0 (/opt/ros/humble/share/rosidl_default_generators/cmake)
[0.983s] -- Found ament_cmake_ros: 0.10.0 (/opt/ros/humble/share/ament_cmake_ros/cmake)
[1.280s] -- Using all available rosidl_typesupport_c: rosidl_typesupport_fastrtps_c;rosidl_typesupport_introspection_c
[1.406s] -- Using all available rosidl_typesupport_cpp: rosidl_typesupport_fastrtps_cpp;rosidl_typesupport_introspection_cpp
[1.421s] -- Found PythonInterp: /usr/bin/python3 (found suitable version "3.10.12", minimum required is "3.6") 
[1.423s] -- Found python_cmake_module: 0.10.0 (/opt/ros/humble/share/python_cmake_module/cmake)
[1.441s] -- Found PythonLibs: /usr/lib/x86_64-linux-gnu/libpython3.10.so (found suitable version "3.10.12", minimum required is "3.5") 
[1.441s] -- Using PYTHON_EXECUTABLE: /usr/bin/python3
[1.441s] -- Using PYTHON_INCLUDE_DIRS: /usr/include/python3.10
[1.441s] -- Using PYTHON_LIBRARIES: /usr/lib/x86_64-linux-gnu/libpython3.10.so
[1.454s] -- Found PythonExtra: .so  
[1.500s] -- Configuring done
[1.522s] -- Generating done
[1.523s] -- Build files have been written to: /root/build/slam_msgs
[1.530s] Invoked command in '/root/build/slam_msgs' returned '0': CMAKE_PREFIX_PATH=${CMAKE_PREFIX_PATH}:/opt/ros/humble /usr/bin/cmake /root/colcon_ws/src/slam_msgs -DCMAKE_INSTALL_PREFIX=/root/install/slam_msgs
[1.534s] Invoking command in '/root/build/slam_msgs': CMAKE_PREFIX_PATH=${CMAKE_PREFIX_PATH}:/opt/ros/humble /usr/bin/cmake --build /root/build/slam_msgs -- -j18 -l18
[1.571s] [  1%] [34m[1mGenerating C code for ROS interfaces[0m
[1.579s] [  2%] [34m[1mGenerating C++ code for ROS interfaces[0m
[1.587s] [  2%] Built target ament_cmake_python_copy_slam_msgs
[1.724s] running egg_info
[1.724s] creating slam_msgs.egg-info
[1.724s] writing slam_msgs.egg-info/PKG-INFO
[1.724s] writing dependency_links to slam_msgs.egg-info/dependency_links.txt
[1.724s] writing top-level names to slam_msgs.egg-info/top_level.txt
[1.724s] writing manifest file 'slam_msgs.egg-info/SOURCES.txt'
[1.726s] reading manifest file 'slam_msgs.egg-info/SOURCES.txt'
[1.726s] writing manifest file 'slam_msgs.egg-info/SOURCES.txt'
[1.748s] [  2%] Built target ament_cmake_python_build_slam_msgs_egg
[1.939s] [  2%] Built target slam_msgs__cpp
[1.947s] [  5%] [34m[1mGenerating C++ type support for eProsima Fast-RTPS[0m
[1.947s] [  5%] [34m[1mGenerating C++ type support dispatch for ROS interfaces[0m
[1.948s] [  7%] [34m[1mGenerating C++ introspection for ROS interfaces[0m
[1.954s] [  9%] [32mBuilding C object CMakeFiles/slam_msgs__rosidl_generator_c.dir/rosidl_generator_c/slam_msgs/srv/detail/get_map__functions.c.o[0m
[1.954s] [  9%] [32mBuilding C object CMakeFiles/slam_msgs__rosidl_generator_c.dir/rosidl_generator_c/slam_msgs/msg/detail/map_data__functions.c.o[0m
[1.956s] [ 11%] [32mBuilding C object CMakeFiles/slam_msgs__rosidl_generator_c.dir/rosidl_generator_c/slam_msgs/msg/detail/map_graph__functions.c.o[0m
[1.956s] [ 14%] [32mBuilding C object CMakeFiles/slam_msgs__rosidl_generator_c.dir/rosidl_generator_c/slam_msgs/msg/detail/map_point__functions.c.o[0m
[1.957s] [ 14%] [32mBuilding C object CMakeFiles/slam_msgs__rosidl_generator_c.dir/rosidl_generator_c/slam_msgs/msg/detail/key_frame__functions.c.o[0m
[1.957s] [ 15%] [32mBuilding C object CMakeFiles/slam_msgs__rosidl_generator_c.dir/rosidl_generator_c/slam_msgs/srv/detail/get_landmarks_in_view__functions.c.o[0m
[2.012s] [ 16%] [32m[1mLinking C shared library libslam_msgs__rosidl_generator_c.so[0m
[2.039s] [ 16%] Built target slam_msgs__rosidl_generator_c
[2.047s] [ 18%] [34m[1mGenerating C type support for eProsima Fast-RTPS[0m
[2.048s] [ 19%] [34m[1mGenerating C type support dispatch for ROS interfaces[0m
[2.048s] [ 21%] [34m[1mGenerating C introspection for ROS interfaces[0m
[2.249s] [ 22%] [32mBuilding CXX object CMakeFiles/slam_msgs__rosidl_typesupport_introspection_cpp.dir/rosidl_typesupport_introspection_cpp/slam_msgs/msg/detail/key_frame__type_support.cpp.o[0m
[2.249s] [ 25%] [32mBuilding CXX object CMakeFiles/slam_msgs__rosidl_typesupport_introspection_cpp.dir/rosidl_typesupport_introspection_cpp/slam_msgs/msg/detail/map_data__type_support.cpp.o[0m
[2.249s] [ 25%] [32mBuilding CXX object CMakeFiles/slam_msgs__rosidl_typesupport_introspection_cpp.dir/rosidl_typesupport_introspection_cpp/slam_msgs/msg/detail/map_graph__type_support.cpp.o[0m
[2.249s] [ 28%] [32mBuilding CXX object CMakeFiles/slam_msgs__rosidl_typesupport_introspection_cpp.dir/rosidl_typesupport_introspection_cpp/slam_msgs/msg/detail/map_point__type_support.cpp.o[0m
[2.249s] [ 28%] [32mBuilding CXX object CMakeFiles/slam_msgs__rosidl_typesupport_introspection_cpp.dir/rosidl_typesupport_introspection_cpp/slam_msgs/srv/detail/get_map__type_support.cpp.o[0m
[2.250s] [ 29%] [32mBuilding CXX object CMakeFiles/slam_msgs__rosidl_typesupport_introspection_cpp.dir/rosidl_typesupport_introspection_cpp/slam_msgs/srv/detail/get_landmarks_in_view__type_support.cpp.o[0m
[2.311s] [ 30%] [32mBuilding CXX object CMakeFiles/slam_msgs__rosidl_typesupport_fastrtps_cpp.dir/rosidl_typesupport_fastrtps_cpp/slam_msgs/srv/detail/dds_fastrtps/get_map__type_support.cpp.o[0m
[2.312s] [ 32%] [32mBuilding CXX object CMakeFiles/slam_msgs__rosidl_typesupport_fastrtps_cpp.dir/rosidl_typesupport_fastrtps_cpp/slam_msgs/msg/detail/dds_fastrtps/key_frame__type_support.cpp.o[0m
[2.312s] [ 33%] [32mBuilding CXX object CMakeFiles/slam_msgs__rosidl_typesupport_fastrtps_cpp.dir/rosidl_typesupport_fastrtps_cpp/slam_msgs/msg/detail/dds_fastrtps/map_point__type_support.cpp.o[0m
[2.313s] [ 35%] [32mBuilding CXX object CMakeFiles/slam_msgs__rosidl_typesupport_fastrtps_cpp.dir/rosidl_typesupport_fastrtps_cpp/slam_msgs/msg/detail/dds_fastrtps/map_graph__type_support.cpp.o[0m
[2.314s] [ 36%] [32mBuilding CXX object CMakeFiles/slam_msgs__rosidl_typesupport_fastrtps_cpp.dir/rosidl_typesupport_fastrtps_cpp/slam_msgs/msg/detail/dds_fastrtps/map_data__type_support.cpp.o[0m
[2.316s] [ 38%] [32mBuilding CXX object CMakeFiles/slam_msgs__rosidl_typesupport_fastrtps_cpp.dir/rosidl_typesupport_fastrtps_cpp/slam_msgs/srv/detail/dds_fastrtps/get_landmarks_in_view__type_support.cpp.o[0m
[2.379s] [ 39%] [32mBuilding CXX object CMakeFiles/slam_msgs__rosidl_typesupport_cpp.dir/rosidl_typesupport_cpp/slam_msgs/msg/map_graph__type_support.cpp.o[0m
[2.380s] [ 40%] [32mBuilding CXX object CMakeFiles/slam_msgs__rosidl_typesupport_cpp.dir/rosidl_typesupport_cpp/slam_msgs/msg/map_data__type_support.cpp.o[0m
[2.388s] [ 42%] [32mBuilding CXX object CMakeFiles/slam_msgs__rosidl_typesupport_cpp.dir/rosidl_typesupport_cpp/slam_msgs/msg/key_frame__type_support.cpp.o[0m
[2.404s] [ 43%] [32mBuilding C object CMakeFiles/slam_msgs__rosidl_typesupport_introspection_c.dir/rosidl_typesupport_introspection_c/slam_msgs/msg/detail/map_graph__type_support.c.o[0m
[2.431s] [ 45%] [32mBuilding CXX object CMakeFiles/slam_msgs__rosidl_typesupport_c.dir/rosidl_typesupport_c/slam_msgs/msg/map_graph__type_support.cpp.o[0m
[2.469s] [ 46%] [32mBuilding C object CMakeFiles/slam_msgs__rosidl_typesupport_introspection_c.dir/rosidl_typesupport_introspection_c/slam_msgs/msg/detail/map_data__type_support.c.o[0m
[2.480s] [ 47%] [32mBuilding CXX object CMakeFiles/slam_msgs__rosidl_typesupport_c.dir/rosidl_typesupport_c/slam_msgs/msg/map_data__type_support.cpp.o[0m
[2.519s] [ 50%] [32mBuilding C object CMakeFiles/slam_msgs__rosidl_typesupport_introspection_c.dir/rosidl_typesupport_introspection_c/slam_msgs/msg/detail/key_frame__type_support.c.o[0m
[2.519s] [ 50%] [32mBuilding CXX object CMakeFiles/slam_msgs__rosidl_typesupport_c.dir/rosidl_typesupport_c/slam_msgs/msg/key_frame__type_support.cpp.o[0m
[2.563s] [ 52%] [32mBuilding CXX object CMakeFiles/slam_msgs__rosidl_typesupport_c.dir/rosidl_typesupport_c/slam_msgs/msg/map_point__type_support.cpp.o[0m
[2.563s] [ 53%] [32mBuilding C object CMakeFiles/slam_msgs__rosidl_typesupport_introspection_c.dir/rosidl_typesupport_introspection_c/slam_msgs/msg/detail/map_point__type_support.c.o[0m
[2.597s] [ 54%] [32mBuilding CXX object CMakeFiles/slam_msgs__rosidl_typesupport_c.dir/rosidl_typesupport_c/slam_msgs/srv/get_map__type_support.cpp.o[0m
[2.609s] [ 56%] [32mBuilding CXX object CMakeFiles/slam_msgs__rosidl_typesupport_fastrtps_c.dir/rosidl_typesupport_fastrtps_c/slam_msgs/msg/detail/map_graph__type_support_c.cpp.o[0m
[2.619s] [ 57%] [32mBuilding C object CMakeFiles/slam_msgs__rosidl_typesupport_introspection_c.dir/rosidl_typesupport_introspection_c/slam_msgs/srv/detail/get_map__type_support.c.o[0m
[2.635s] [ 59%] [32mBuilding C object CMakeFiles/slam_msgs__rosidl_typesupport_introspection_c.dir/rosidl_typesupport_introspection_c/slam_msgs/srv/detail/get_landmarks_in_view__type_support.c.o[0m
[2.643s] [ 60%] [32mBuilding CXX object CMakeFiles/slam_msgs__rosidl_typesupport_c.dir/rosidl_typesupport_c/slam_msgs/srv/get_landmarks_in_view__type_support.cpp.o[0m
[2.646s] [ 61%] [32mBuilding CXX object CMakeFiles/slam_msgs__rosidl_typesupport_cpp.dir/rosidl_typesupport_cpp/slam_msgs/msg/map_point__type_support.cpp.o[0m
[2.664s] [ 63%] [32mBuilding CXX object CMakeFiles/slam_msgs__rosidl_typesupport_fastrtps_c.dir/rosidl_typesupport_fastrtps_c/slam_msgs/msg/detail/map_data__type_support_c.cpp.o[0m
[2.668s] [ 64%] [32mBuilding CXX object CMakeFiles/slam_msgs__rosidl_typesupport_fastrtps_c.dir/rosidl_typesupport_fastrtps_c/slam_msgs/msg/detail/key_frame__type_support_c.cpp.o[0m
[2.673s] [ 66%] [32mBuilding CXX object CMakeFiles/slam_msgs__rosidl_typesupport_cpp.dir/rosidl_typesupport_cpp/slam_msgs/srv/get_map__type_support.cpp.o[0m
[2.676s] [ 67%] [32m[1mLinking C shared library libslam_msgs__rosidl_typesupport_introspection_c.so[0m
[2.683s] [ 69%] [32m[1mLinking CXX shared library libslam_msgs__rosidl_typesupport_c.so[0m
[2.715s] [ 69%] Built target slam_msgs__rosidl_typesupport_introspection_c
[2.722s] [ 70%] [32mBuilding CXX object CMakeFiles/slam_msgs__rosidl_typesupport_cpp.dir/rosidl_typesupport_cpp/slam_msgs/srv/get_landmarks_in_view__type_support.cpp.o[0m
[2.732s] [ 70%] Built target slam_msgs__rosidl_typesupport_c
[2.732s] [ 71%] [32mBuilding CXX object CMakeFiles/slam_msgs__rosidl_typesupport_fastrtps_c.dir/rosidl_typesupport_fastrtps_c/slam_msgs/msg/detail/map_point__type_support_c.cpp.o[0m
[2.747s] [ 73%] [32mBuilding CXX object CMakeFiles/slam_msgs__rosidl_typesupport_fastrtps_c.dir/rosidl_typesupport_fastrtps_c/slam_msgs/srv/detail/get_map__type_support_c.cpp.o[0m
[2.751s] [ 74%] [32mBuilding CXX object CMakeFiles/slam_msgs__rosidl_typesupport_fastrtps_c.dir/rosidl_typesupport_fastrtps_c/slam_msgs/srv/detail/get_landmarks_in_view__type_support_c.cpp.o[0m
[2.846s] [ 76%] [32m[1mLinking CXX shared library libslam_msgs__rosidl_typesupport_introspection_cpp.so[0m
[2.893s] [ 77%] [32m[1mLinking CXX shared library libslam_msgs__rosidl_typesupport_fastrtps_cpp.so[0m
[2.902s] [ 77%] Built target slam_msgs__rosidl_typesupport_introspection_cpp
[2.958s] [ 77%] Built target slam_msgs__rosidl_typesupport_fastrtps_cpp
[2.962s] [ 78%] [32m[1mLinking CXX shared library libslam_msgs__rosidl_typesupport_cpp.so[0m
[2.994s] [ 78%] Built target slam_msgs__rosidl_typesupport_cpp
[3.056s] [ 80%] [32m[1mLinking CXX shared library libslam_msgs__rosidl_typesupport_fastrtps_c.so[0m
[3.107s] [ 80%] Built target slam_msgs__rosidl_typesupport_fastrtps_c
[3.122s] [ 80%] Built target slam_msgs
[3.137s] [ 81%] [34m[1mGenerating Python code for ROS interfaces[0m
[3.679s] [ 81%] Built target slam_msgs__py
[3.692s] [ 83%] [32mBuilding C object CMakeFiles/slam_msgs__rosidl_generator_py.dir/rosidl_generator_py/slam_msgs/msg/_map_point_s.c.o[0m
[3.693s] [ 84%] [32mBuilding C object CMakeFiles/slam_msgs__rosidl_generator_py.dir/rosidl_generator_py/slam_msgs/srv/_get_landmarks_in_view_s.c.o[0m
[3.694s] [ 85%] [32mBuilding C object CMakeFiles/slam_msgs__rosidl_generator_py.dir/rosidl_generator_py/slam_msgs/srv/_get_map_s.c.o[0m
[3.694s] [ 88%] [32mBuilding C object CMakeFiles/slam_msgs__rosidl_generator_py.dir/rosidl_generator_py/slam_msgs/msg/_map_graph_s.c.o[0m
[3.694s] [ 88%] [32mBuilding C object CMakeFiles/slam_msgs__rosidl_generator_py.dir/rosidl_generator_py/slam_msgs/msg/_map_data_s.c.o[0m
[3.694s] [ 90%] [32mBuilding C object CMakeFiles/slam_msgs__rosidl_generator_py.dir/rosidl_generator_py/slam_msgs/msg/_key_frame_s.c.o[0m
[3.792s] [ 91%] [32m[1mLinking C shared library rosidl_generator_py/slam_msgs/libslam_msgs__rosidl_generator_py.so[0m
[3.827s] [ 91%] Built target slam_msgs__rosidl_generator_py
[3.844s] [ 92%] [32mBuilding C object CMakeFiles/slam_msgs__rosidl_typesupport_c__pyext.dir/rosidl_generator_py/slam_msgs/_slam_msgs_s.ep.rosidl_typesupport_c.c.o[0m
[3.845s] [ 94%] [32mBuilding C object CMakeFiles/slam_msgs__rosidl_typesupport_introspection_c__pyext.dir/rosidl_generator_py/slam_msgs/_slam_msgs_s.ep.rosidl_typesupport_introspection_c.c.o[0m
[3.845s] [ 95%] [32mBuilding C object CMakeFiles/slam_msgs__rosidl_typesupport_fastrtps_c__pyext.dir/rosidl_generator_py/slam_msgs/_slam_msgs_s.ep.rosidl_typesupport_fastrtps_c.c.o[0m
[3.921s] [ 97%] [32m[1mLinking C shared library rosidl_generator_py/slam_msgs/slam_msgs_s__rosidl_typesupport_c.cpython-310-x86_64-linux-gnu.so[0m
[3.924s] [ 98%] [32m[1mLinking C shared library rosidl_generator_py/slam_msgs/slam_msgs_s__rosidl_typesupport_introspection_c.cpython-310-x86_64-linux-gnu.so[0m
[3.926s] [100%] [32m[1mLinking C shared library rosidl_generator_py/slam_msgs/slam_msgs_s__rosidl_typesupport_fastrtps_c.cpython-310-x86_64-linux-gnu.so[0m
[3.963s] [100%] Built target slam_msgs__rosidl_typesupport_c__pyext
[3.963s] [100%] Built target slam_msgs__rosidl_typesupport_fastrtps_c__pyext
[3.967s] [100%] Built target slam_msgs__rosidl_typesupport_introspection_c__pyext
[3.978s] Invoked command in '/root/build/slam_msgs' returned '0': CMAKE_PREFIX_PATH=${CMAKE_PREFIX_PATH}:/opt/ros/humble /usr/bin/cmake --build /root/build/slam_msgs -- -j18 -l18
[4.101s] Invoking command in '/root/build/slam_msgs': CMAKE_PREFIX_PATH=${CMAKE_PREFIX_PATH}:/opt/ros/humble /usr/bin/cmake --install /root/build/slam_msgs
[4.106s] -- Install configuration: ""
[4.106s] -- Installing: /root/install/slam_msgs/share/ament_index/resource_index/rosidl_interfaces/slam_msgs
[4.106s] -- Installing: /root/install/slam_msgs/include/slam_msgs/slam_msgs
[4.107s] -- Installing: /root/install/slam_msgs/include/slam_msgs/slam_msgs/msg
[4.107s] -- Installing: /root/install/slam_msgs/include/slam_msgs/slam_msgs/msg/rosidl_generator_c__visibility_control.h
[4.107s] -- Installing: /root/install/slam_msgs/include/slam_msgs/slam_msgs/msg/detail
[4.107s] -- Installing: /root/install/slam_msgs/include/slam_msgs/slam_msgs/msg/detail/map_point__functions.c
[4.107s] -- Installing: /root/install/slam_msgs/include/slam_msgs/slam_msgs/msg/detail/map_point__functions.h
[4.107s] -- Installing: /root/install/slam_msgs/include/slam_msgs/slam_msgs/msg/detail/map_graph__functions.c
[4.107s] -- Installing: /root/install/slam_msgs/include/slam_msgs/slam_msgs/msg/detail/key_frame__functions.h
[4.107s] -- Installing: /root/install/slam_msgs/include/slam_msgs/slam_msgs/msg/detail/map_graph__struct.h
[4.107s] -- Installing: /root/install/slam_msgs/include/slam_msgs/slam_msgs/msg/detail/key_frame__functions.c
[4.107s] -- Installing: /root/install/slam_msgs/include/slam_msgs/slam_msgs/msg/detail/map_data__struct.h
[4.107s] -- Installing: /root/install/slam_msgs/include/slam_msgs/slam_msgs/msg/detail/key_frame__type_support.h
[4.107s] -- Installing: /root/install/slam_msgs/include/slam_msgs/slam_msgs/msg/detail/map_point__struct.h
[4.107s] -- Installing: /root/install/slam_msgs/include/slam_msgs/slam_msgs/msg/detail/map_graph__functions.h
[4.107s] -- Installing: /root/install/slam_msgs/include/slam_msgs/slam_msgs/msg/detail/map_graph__type_support.h
[4.107s] -- Installing: /root/install/slam_msgs/include/slam_msgs/slam_msgs/msg/detail/map_data__type_support.h
[4.108s] -- Installing: /root/install/slam_msgs/include/slam_msgs/slam_msgs/msg/detail/map_point__type_support.h
[4.108s] -- Installing: /root/install/slam_msgs/include/slam_msgs/slam_msgs/msg/detail/key_frame__struct.h
[4.108s] -- Installing: /root/install/slam_msgs/include/slam_msgs/slam_msgs/msg/detail/map_data__functions.h
[4.108s] -- Installing: /root/install/slam_msgs/include/slam_msgs/slam_msgs/msg/detail/map_data__functions.c
[4.108s] -- Installing: /root/install/slam_msgs/include/slam_msgs/slam_msgs/msg/map_data.h
[4.108s] -- Installing: /root/install/slam_msgs/include/slam_msgs/slam_msgs/msg/map_graph.h
[4.108s] -- Installing: /root/install/slam_msgs/include/slam_msgs/slam_msgs/msg/map_point.h
[4.108s] -- Installing: /root/install/slam_msgs/include/slam_msgs/slam_msgs/msg/key_frame.h
[4.108s] -- Installing: /root/install/slam_msgs/include/slam_msgs/slam_msgs/srv
[4.108s] -- Installing: /root/install/slam_msgs/include/slam_msgs/slam_msgs/srv/detail
[4.108s] -- Installing: /root/install/slam_msgs/include/slam_msgs/slam_msgs/srv/detail/get_map__struct.h
[4.108s] -- Installing: /root/install/slam_msgs/include/slam_msgs/slam_msgs/srv/detail/get_map__functions.c
[4.108s] -- Installing: /root/install/slam_msgs/include/slam_msgs/slam_msgs/srv/detail/get_landmarks_in_view__struct.h
[4.108s] -- Installing: /root/install/slam_msgs/include/slam_msgs/slam_msgs/srv/detail/get_map__functions.h
[4.108s] -- Installing: /root/install/slam_msgs/include/slam_msgs/slam_msgs/srv/detail/get_map__type_support.h
[4.108s] -- Installing: /root/install/slam_msgs/include/slam_msgs/slam_msgs/srv/detail/get_landmarks_in_view__functions.h
[4.108s] -- Installing: /root/install/slam_msgs/include/slam_msgs/slam_msgs/srv/detail/get_landmarks_in_view__functions.c
[4.109s] -- Installing: /root/install/slam_msgs/include/slam_msgs/slam_msgs/srv/detail/get_landmarks_in_view__type_support.h
[4.109s] -- Installing: /root/install/slam_msgs/include/slam_msgs/slam_msgs/srv/get_landmarks_in_view.h
[4.109s] -- Installing: /root/install/slam_msgs/include/slam_msgs/slam_msgs/srv/get_map.h
[4.109s] -- Installing: /root/install/slam_msgs/share/slam_msgs/environment/library_path.sh
[4.109s] -- Installing: /root/install/slam_msgs/share/slam_msgs/environment/library_path.dsv
[4.109s] -- Installing: /root/install/slam_msgs/lib/libslam_msgs__rosidl_generator_c.so
[4.109s] -- Set runtime path of "/root/install/slam_msgs/lib/libslam_msgs__rosidl_generator_c.so" to ""
[4.109s] -- Up-to-date: /root/install/slam_msgs/include/slam_msgs/slam_msgs
[4.109s] -- Up-to-date: /root/install/slam_msgs/include/slam_msgs/slam_msgs/msg
[4.109s] -- Up-to-date: /root/install/slam_msgs/include/slam_msgs/slam_msgs/msg/detail
[4.109s] -- Installing: /root/install/slam_msgs/include/slam_msgs/slam_msgs/msg/detail/key_frame__rosidl_typesupport_fastrtps_c.h
[4.109s] -- Installing: /root/install/slam_msgs/include/slam_msgs/slam_msgs/msg/detail/map_graph__rosidl_typesupport_fastrtps_c.h
[4.109s] -- Installing: /root/install/slam_msgs/include/slam_msgs/slam_msgs/msg/detail/map_point__rosidl_typesupport_fastrtps_c.h
[4.109s] -- Installing: /root/install/slam_msgs/include/slam_msgs/slam_msgs/msg/detail/map_data__rosidl_typesupport_fastrtps_c.h
[4.110s] -- Installing: /root/install/slam_msgs/include/slam_msgs/slam_msgs/msg/rosidl_typesupport_fastrtps_c__visibility_control.h
[4.110s] -- Up-to-date: /root/install/slam_msgs/include/slam_msgs/slam_msgs/srv
[4.110s] -- Up-to-date: /root/install/slam_msgs/include/slam_msgs/slam_msgs/srv/detail
[4.110s] -- Installing: /root/install/slam_msgs/include/slam_msgs/slam_msgs/srv/detail/get_map__rosidl_typesupport_fastrtps_c.h
[4.110s] -- Installing: /root/install/slam_msgs/include/slam_msgs/slam_msgs/srv/detail/get_landmarks_in_view__rosidl_typesupport_fastrtps_c.h
[4.110s] -- Installing: /root/install/slam_msgs/lib/libslam_msgs__rosidl_typesupport_fastrtps_c.so
[4.110s] -- Set runtime path of "/root/install/slam_msgs/lib/libslam_msgs__rosidl_typesupport_fastrtps_c.so" to ""
[4.110s] -- Up-to-date: /root/install/slam_msgs/include/slam_msgs/slam_msgs
[4.110s] -- Up-to-date: /root/install/slam_msgs/include/slam_msgs/slam_msgs/msg
[4.110s] -- Installing: /root/install/slam_msgs/include/slam_msgs/slam_msgs/msg/map_graph.hpp
[4.110s] -- Up-to-date: /root/install/slam_msgs/include/slam_msgs/slam_msgs/msg/detail
[4.110s] -- Installing: /root/install/slam_msgs/include/slam_msgs/slam_msgs/msg/detail/key_frame__traits.hpp
[4.110s] -- Installing: /root/install/slam_msgs/include/slam_msgs/slam_msgs/msg/detail/map_point__builder.hpp
[4.110s] -- Installing: /root/install/slam_msgs/include/slam_msgs/slam_msgs/msg/detail/map_data__traits.hpp
[4.110s] -- Installing: /root/install/slam_msgs/include/slam_msgs/slam_msgs/msg/detail/map_data__struct.hpp
[4.110s] -- Installing: /root/install/slam_msgs/include/slam_msgs/slam_msgs/msg/detail/map_point__struct.hpp
[4.111s] -- Installing: /root/install/slam_msgs/include/slam_msgs/slam_msgs/msg/detail/map_point__traits.hpp
[4.111s] -- Installing: /root/install/slam_msgs/include/slam_msgs/slam_msgs/msg/detail/key_frame__builder.hpp
[4.111s] -- Installing: /root/install/slam_msgs/include/slam_msgs/slam_msgs/msg/detail/map_graph__builder.hpp
[4.111s] -- Installing: /root/install/slam_msgs/include/slam_msgs/slam_msgs/msg/detail/key_frame__struct.hpp
[4.111s] -- Installing: /root/install/slam_msgs/include/slam_msgs/slam_msgs/msg/detail/map_data__builder.hpp
[4.111s] -- Installing: /root/install/slam_msgs/include/slam_msgs/slam_msgs/msg/detail/map_graph__struct.hpp
[4.111s] -- Installing: /root/install/slam_msgs/include/slam_msgs/slam_msgs/msg/detail/map_graph__traits.hpp
[4.111s] -- Installing: /root/install/slam_msgs/include/slam_msgs/slam_msgs/msg/key_frame.hpp
[4.111s] -- Installing: /root/install/slam_msgs/include/slam_msgs/slam_msgs/msg/map_data.hpp
[4.111s] -- Installing: /root/install/slam_msgs/include/slam_msgs/slam_msgs/msg/map_point.hpp
[4.111s] -- Up-to-date: /root/install/slam_msgs/include/slam_msgs/slam_msgs/srv
[4.111s] -- Installing: /root/install/slam_msgs/include/slam_msgs/slam_msgs/srv/get_landmarks_in_view.hpp
[4.111s] -- Installing: /root/install/slam_msgs/include/slam_msgs/slam_msgs/srv/get_map.hpp
[4.111s] -- Up-to-date: /root/install/slam_msgs/include/slam_msgs/slam_msgs/srv/detail
[4.111s] -- Installing: /root/install/slam_msgs/include/slam_msgs/slam_msgs/srv/detail/get_map__traits.hpp
[4.111s] -- Installing: /root/install/slam_msgs/include/slam_msgs/slam_msgs/srv/detail/get_map__struct.hpp
[4.111s] -- Installing: /root/install/slam_msgs/include/slam_msgs/slam_msgs/srv/detail/get_landmarks_in_view__traits.hpp
[4.112s] -- Installing: /root/install/slam_msgs/include/slam_msgs/slam_msgs/srv/detail/get_landmarks_in_view__struct.hpp
[4.112s] -- Installing: /root/install/slam_msgs/include/slam_msgs/slam_msgs/srv/detail/get_landmarks_in_view__builder.hpp
[4.112s] -- Installing: /root/install/slam_msgs/include/slam_msgs/slam_msgs/srv/detail/get_map__builder.hpp
[4.112s] -- Up-to-date: /root/install/slam_msgs/include/slam_msgs/slam_msgs
[4.112s] -- Up-to-date: /root/install/slam_msgs/include/slam_msgs/slam_msgs/msg
[4.112s] -- Up-to-date: /root/install/slam_msgs/include/slam_msgs/slam_msgs/msg/detail
[4.113s] -- Installing: /root/install/slam_msgs/include/slam_msgs/slam_msgs/msg/detail/map_graph__rosidl_typesupport_fastrtps_cpp.hpp
[4.113s] -- Installing: /root/install/slam_msgs/include/slam_msgs/slam_msgs/msg/detail/map_point__rosidl_typesupport_fastrtps_cpp.hpp
[4.113s] -- Installing: /root/install/slam_msgs/include/slam_msgs/slam_msgs/msg/detail/key_frame__rosidl_typesupport_fastrtps_cpp.hpp
[4.114s] -- Installing: /root/install/slam_msgs/include/slam_msgs/slam_msgs/msg/detail/map_data__rosidl_typesupport_fastrtps_cpp.hpp
[4.114s] -- Installing: /root/install/slam_msgs/include/slam_msgs/slam_msgs/msg/detail/dds_fastrtps
[4.114s] -- Installing: /root/install/slam_msgs/include/slam_msgs/slam_msgs/msg/rosidl_typesupport_fastrtps_cpp__visibility_control.h
[4.114s] -- Up-to-date: /root/install/slam_msgs/include/slam_msgs/slam_msgs/srv
[4.114s] -- Up-to-date: /root/install/slam_msgs/include/slam_msgs/slam_msgs/srv/detail
[4.114s] -- Installing: /root/install/slam_msgs/include/slam_msgs/slam_msgs/srv/detail/get_map__rosidl_typesupport_fastrtps_cpp.hpp
[4.115s] -- Installing: /root/install/slam_msgs/include/slam_msgs/slam_msgs/srv/detail/get_landmarks_in_view__rosidl_typesupport_fastrtps_cpp.hpp
[4.115s] -- Installing: /root/install/slam_msgs/include/slam_msgs/slam_msgs/srv/detail/dds_fastrtps
[4.115s] -- Installing: /root/install/slam_msgs/lib/libslam_msgs__rosidl_typesupport_fastrtps_cpp.so
[4.115s] -- Set runtime path of "/root/install/slam_msgs/lib/libslam_msgs__rosidl_typesupport_fastrtps_cpp.so" to ""
[4.115s] -- Up-to-date: /root/install/slam_msgs/include/slam_msgs/slam_msgs
[4.115s] -- Up-to-date: /root/install/slam_msgs/include/slam_msgs/slam_msgs/msg
[4.115s] -- Installing: /root/install/slam_msgs/include/slam_msgs/slam_msgs/msg/rosidl_typesupport_introspection_c__visibility_control.h
[4.115s] -- Up-to-date: /root/install/slam_msgs/include/slam_msgs/slam_msgs/msg/detail
[4.115s] -- Installing: /root/install/slam_msgs/include/slam_msgs/slam_msgs/msg/detail/map_data__rosidl_typesupport_introspection_c.h
[4.116s] -- Installing: /root/install/slam_msgs/include/slam_msgs/slam_msgs/msg/detail/map_data__type_support.c
[4.116s] -- Installing: /root/install/slam_msgs/include/slam_msgs/slam_msgs/msg/detail/key_frame__rosidl_typesupport_introspection_c.h
[4.116s] -- Installing: /root/install/slam_msgs/include/slam_msgs/slam_msgs/msg/detail/map_graph__type_support.c
[4.116s] -- Installing: /root/install/slam_msgs/include/slam_msgs/slam_msgs/msg/detail/key_frame__type_support.c
[4.116s] -- Installing: /root/install/slam_msgs/include/slam_msgs/slam_msgs/msg/detail/map_point__rosidl_typesupport_introspection_c.h
[4.116s] -- Installing: /root/install/slam_msgs/include/slam_msgs/slam_msgs/msg/detail/map_graph__rosidl_typesupport_introspection_c.h
[4.116s] -- Installing: /root/install/slam_msgs/include/slam_msgs/slam_msgs/msg/detail/map_point__type_support.c
[4.116s] -- Up-to-date: /root/install/slam_msgs/include/slam_msgs/slam_msgs/srv
[4.116s] -- Up-to-date: /root/install/slam_msgs/include/slam_msgs/slam_msgs/srv/detail
[4.116s] -- Installing: /root/install/slam_msgs/include/slam_msgs/slam_msgs/srv/detail/get_map__type_support.c
[4.117s] -- Installing: /root/install/slam_msgs/include/slam_msgs/slam_msgs/srv/detail/get_map__rosidl_typesupport_introspection_c.h
[4.117s] -- Installing: /root/install/slam_msgs/include/slam_msgs/slam_msgs/srv/detail/get_landmarks_in_view__type_support.c
[4.117s] -- Installing: /root/install/slam_msgs/include/slam_msgs/slam_msgs/srv/detail/get_landmarks_in_view__rosidl_typesupport_introspection_c.h
[4.117s] -- Installing: /root/install/slam_msgs/lib/libslam_msgs__rosidl_typesupport_introspection_c.so
[4.117s] -- Set runtime path of "/root/install/slam_msgs/lib/libslam_msgs__rosidl_typesupport_introspection_c.so" to ""
[4.117s] -- Installing: /root/install/slam_msgs/lib/libslam_msgs__rosidl_typesupport_c.so
[4.117s] -- Set runtime path of "/root/install/slam_msgs/lib/libslam_msgs__rosidl_typesupport_c.so" to ""
[4.117s] -- Up-to-date: /root/install/slam_msgs/include/slam_msgs/slam_msgs
[4.117s] -- Up-to-date: /root/install/slam_msgs/include/slam_msgs/slam_msgs/msg
[4.117s] -- Up-to-date: /root/install/slam_msgs/include/slam_msgs/slam_msgs/msg/detail
[4.117s] -- Installing: /root/install/slam_msgs/include/slam_msgs/slam_msgs/msg/detail/map_graph__type_support.cpp
[4.117s] -- Installing: /root/install/slam_msgs/include/slam_msgs/slam_msgs/msg/detail/map_data__type_support.cpp
[4.117s] -- Installing: /root/install/slam_msgs/include/slam_msgs/slam_msgs/msg/detail/map_data__rosidl_typesupport_introspection_cpp.hpp
[4.117s] -- Installing: /root/install/slam_msgs/include/slam_msgs/slam_msgs/msg/detail/map_graph__rosidl_typesupport_introspection_cpp.hpp
[4.117s] -- Installing: /root/install/slam_msgs/include/slam_msgs/slam_msgs/msg/detail/map_point__rosidl_typesupport_introspection_cpp.hpp
[4.117s] -- Installing: /root/install/slam_msgs/include/slam_msgs/slam_msgs/msg/detail/key_frame__type_support.cpp
[4.117s] -- Installing: /root/install/slam_msgs/include/slam_msgs/slam_msgs/msg/detail/key_frame__rosidl_typesupport_introspection_cpp.hpp
[4.117s] -- Installing: /root/install/slam_msgs/include/slam_msgs/slam_msgs/msg/detail/map_point__type_support.cpp
[4.117s] -- Up-to-date: /root/install/slam_msgs/include/slam_msgs/slam_msgs/srv
[4.117s] -- Up-to-date: /root/install/slam_msgs/include/slam_msgs/slam_msgs/srv/detail
[4.117s] -- Installing: /root/install/slam_msgs/include/slam_msgs/slam_msgs/srv/detail/get_landmarks_in_view__rosidl_typesupport_introspection_cpp.hpp
[4.117s] -- Installing: /root/install/slam_msgs/include/slam_msgs/slam_msgs/srv/detail/get_landmarks_in_view__type_support.cpp
[4.117s] -- Installing: /root/install/slam_msgs/include/slam_msgs/slam_msgs/srv/detail/get_map__type_support.cpp
[4.117s] -- Installing: /root/install/slam_msgs/include/slam_msgs/slam_msgs/srv/detail/get_map__rosidl_typesupport_introspection_cpp.hpp
[4.117s] -- Installing: /root/install/slam_msgs/lib/libslam_msgs__rosidl_typesupport_introspection_cpp.so
[4.117s] -- Set runtime path of "/root/install/slam_msgs/lib/libslam_msgs__rosidl_typesupport_introspection_cpp.so" to ""
[4.117s] -- Installing: /root/install/slam_msgs/lib/libslam_msgs__rosidl_typesupport_cpp.so
[4.117s] -- Set runtime path of "/root/install/slam_msgs/lib/libslam_msgs__rosidl_typesupport_cpp.so" to ""
[4.117s] -- Installing: /root/install/slam_msgs/share/slam_msgs/environment/pythonpath.sh
[4.117s] -- Installing: /root/install/slam_msgs/share/slam_msgs/environment/pythonpath.dsv
[4.117s] -- Installing: /root/install/slam_msgs/local/lib/python3.10/dist-packages/slam_msgs-1.0.0-py3.10.egg-info
[4.118s] -- Installing: /root/install/slam_msgs/local/lib/python3.10/dist-packages/slam_msgs-1.0.0-py3.10.egg-info/top_level.txt
[4.118s] -- Installing: /root/install/slam_msgs/local/lib/python3.10/dist-packages/slam_msgs-1.0.0-py3.10.egg-info/PKG-INFO
[4.118s] -- Installing: /root/install/slam_msgs/local/lib/python3.10/dist-packages/slam_msgs-1.0.0-py3.10.egg-info/dependency_links.txt
[4.118s] -- Installing: /root/install/slam_msgs/local/lib/python3.10/dist-packages/slam_msgs-1.0.0-py3.10.egg-info/SOURCES.txt
[4.118s] -- Installing: /root/install/slam_msgs/local/lib/python3.10/dist-packages/slam_msgs
[4.118s] -- Installing: /root/install/slam_msgs/local/lib/python3.10/dist-packages/slam_msgs/msg
[4.118s] -- Installing: /root/install/slam_msgs/local/lib/python3.10/dist-packages/slam_msgs/msg/_map_data.py
[4.118s] -- Installing: /root/install/slam_msgs/local/lib/python3.10/dist-packages/slam_msgs/msg/_map_graph.py
[4.118s] -- Installing: /root/install/slam_msgs/local/lib/python3.10/dist-packages/slam_msgs/msg/_map_data_s.c
[4.118s] -- Installing: /root/install/slam_msgs/local/lib/python3.10/dist-packages/slam_msgs/msg/_map_point_s.c
[4.118s] -- Installing: /root/install/slam_msgs/local/lib/python3.10/dist-packages/slam_msgs/msg/_map_point.py
[4.118s] -- Installing: /root/install/slam_msgs/local/lib/python3.10/dist-packages/slam_msgs/msg/__init__.py
[4.118s] -- Installing: /root/install/slam_msgs/local/lib/python3.10/dist-packages/slam_msgs/msg/_map_graph_s.c
[4.118s] -- Installing: /root/install/slam_msgs/local/lib/python3.10/dist-packages/slam_msgs/msg/_key_frame_s.c
[4.118s] -- Installing: /root/install/slam_msgs/local/lib/python3.10/dist-packages/slam_msgs/msg/_key_frame.py
[4.118s] -- Installing: /root/install/slam_msgs/local/lib/python3.10/dist-packages/slam_msgs/libslam_msgs__rosidl_generator_py.so
[4.118s] -- Installing: /root/install/slam_msgs/local/lib/python3.10/dist-packages/slam_msgs/slam_msgs_s__rosidl_typesupport_c.cpython-310-x86_64-linux-gnu.so
[4.118s] -- Installing: /root/install/slam_msgs/local/lib/python3.10/dist-packages/slam_msgs/slam_msgs_s__rosidl_typesupport_fastrtps_c.cpython-310-x86_64-linux-gnu.so
[4.118s] -- Installing: /root/install/slam_msgs/local/lib/python3.10/dist-packages/slam_msgs/_slam_msgs_s.ep.rosidl_typesupport_introspection_c.c
[4.118s] -- Installing: /root/install/slam_msgs/local/lib/python3.10/dist-packages/slam_msgs/__init__.py
[4.118s] -- Installing: /root/install/slam_msgs/local/lib/python3.10/dist-packages/slam_msgs/_slam_msgs_s.ep.rosidl_typesupport_c.c
[4.118s] -- Installing: /root/install/slam_msgs/local/lib/python3.10/dist-packages/slam_msgs/_slam_msgs_s.ep.rosidl_typesupport_fastrtps_c.c
[4.118s] -- Installing: /root/install/slam_msgs/local/lib/python3.10/dist-packages/slam_msgs/slam_msgs_s__rosidl_typesupport_introspection_c.cpython-310-x86_64-linux-gnu.so
[4.118s] -- Installing: /root/install/slam_msgs/local/lib/python3.10/dist-packages/slam_msgs/srv
[4.118s] -- Installing: /root/install/slam_msgs/local/lib/python3.10/dist-packages/slam_msgs/srv/_get_map.py
[4.118s] -- Installing: /root/install/slam_msgs/local/lib/python3.10/dist-packages/slam_msgs/srv/_get_map_s.c
[4.118s] -- Installing: /root/install/slam_msgs/local/lib/python3.10/dist-packages/slam_msgs/srv/__init__.py
[4.118s] -- Installing: /root/install/slam_msgs/local/lib/python3.10/dist-packages/slam_msgs/srv/_get_landmarks_in_view.py
[4.118s] -- Installing: /root/install/slam_msgs/local/lib/python3.10/dist-packages/slam_msgs/srv/_get_landmarks_in_view_s.c
[4.148s] Listing '/root/install/slam_msgs/local/lib/python3.10/dist-packages/slam_msgs'...
[4.149s] Compiling '/root/install/slam_msgs/local/lib/python3.10/dist-packages/slam_msgs/__init__.py'...
[4.149s] Listing '/root/install/slam_msgs/local/lib/python3.10/dist-packages/slam_msgs/msg'...
[4.149s] Compiling '/root/install/slam_msgs/local/lib/python3.10/dist-packages/slam_msgs/msg/__init__.py'...
[4.149s] Compiling '/root/install/slam_msgs/local/lib/python3.10/dist-packages/slam_msgs/msg/_key_frame.py'...
[4.149s] Compiling '/root/install/slam_msgs/local/lib/python3.10/dist-packages/slam_msgs/msg/_map_data.py'...
[4.149s] Compiling '/root/install/slam_msgs/local/lib/python3.10/dist-packages/slam_msgs/msg/_map_graph.py'...
[4.149s] Compiling '/root/install/slam_msgs/local/lib/python3.10/dist-packages/slam_msgs/msg/_map_point.py'...
[4.149s] Listing '/root/install/slam_msgs/local/lib/python3.10/dist-packages/slam_msgs/srv'...
[4.149s] Compiling '/root/install/slam_msgs/local/lib/python3.10/dist-packages/slam_msgs/srv/__init__.py'...
[4.149s] Compiling '/root/install/slam_msgs/local/lib/python3.10/dist-packages/slam_msgs/srv/_get_landmarks_in_view.py'...
[4.149s] Compiling '/root/install/slam_msgs/local/lib/python3.10/dist-packages/slam_msgs/srv/_get_map.py'...
[4.151s] -- Installing: /root/install/slam_msgs/local/lib/python3.10/dist-packages/slam_msgs/slam_msgs_s__rosidl_typesupport_fastrtps_c.cpython-310-x86_64-linux-gnu.so
[4.152s] -- Set runtime path of "/root/install/slam_msgs/local/lib/python3.10/dist-packages/slam_msgs/slam_msgs_s__rosidl_typesupport_fastrtps_c.cpython-310-x86_64-linux-gnu.so" to ""
[4.152s] -- Installing: /root/install/slam_msgs/local/lib/python3.10/dist-packages/slam_msgs/slam_msgs_s__rosidl_typesupport_introspection_c.cpython-310-x86_64-linux-gnu.so
[4.152s] -- Set runtime path of "/root/install/slam_msgs/local/lib/python3.10/dist-packages/slam_msgs/slam_msgs_s__rosidl_typesupport_introspection_c.cpython-310-x86_64-linux-gnu.so" to ""
[4.152s] -- Installing: /root/install/slam_msgs/local/lib/python3.10/dist-packages/slam_msgs/slam_msgs_s__rosidl_typesupport_c.cpython-310-x86_64-linux-gnu.so
[4.152s] -- Set runtime path of "/root/install/slam_msgs/local/lib/python3.10/dist-packages/slam_msgs/slam_msgs_s__rosidl_typesupport_c.cpython-310-x86_64-linux-gnu.so" to ""
[4.153s] -- Installing: /root/install/slam_msgs/lib/libslam_msgs__rosidl_generator_py.so
[4.153s] -- Set runtime path of "/root/install/slam_msgs/lib/libslam_msgs__rosidl_generator_py.so" to ""
[4.153s] -- Installing: /root/install/slam_msgs/share/slam_msgs/msg/MapGraph.idl
[4.153s] -- Installing: /root/install/slam_msgs/share/slam_msgs/msg/MapData.idl
[4.153s] -- Installing: /root/install/slam_msgs/share/slam_msgs/msg/KeyFrame.idl
[4.153s] -- Installing: /root/install/slam_msgs/share/slam_msgs/msg/MapPoint.idl
[4.153s] -- Installing: /root/install/slam_msgs/share/slam_msgs/srv/GetMap.idl
[4.153s] -- Installing: /root/install/slam_msgs/share/slam_msgs/srv/GetLandmarksInView.idl
[4.153s] -- Installing: /root/install/slam_msgs/share/slam_msgs/msg/MapGraph.msg
[4.154s] -- Installing: /root/install/slam_msgs/share/slam_msgs/msg/MapData.msg
[4.154s] -- Installing: /root/install/slam_msgs/share/slam_msgs/msg/KeyFrame.msg
[4.154s] -- Installing: /root/install/slam_msgs/share/slam_msgs/msg/MapPoint.msg
[4.154s] -- Installing: /root/install/slam_msgs/share/slam_msgs/srv/GetMap.srv
[4.154s] -- Installing: /root/install/slam_msgs/share/slam_msgs/srv/GetMap_Request.msg
[4.154s] -- Installing: /root/install/slam_msgs/share/slam_msgs/srv/GetMap_Response.msg
[4.154s] -- Installing: /root/install/slam_msgs/share/slam_msgs/srv/GetLandmarksInView.srv
[4.154s] -- Installing: /root/install/slam_msgs/share/slam_msgs/srv/GetLandmarksInView_Request.msg
[4.154s] -- Installing: /root/install/slam_msgs/share/slam_msgs/srv/GetLandmarksInView_Response.msg
[4.154s] -- Installing: /root/install/slam_msgs/share/ament_index/resource_index/package_run_dependencies/slam_msgs
[4.154s] -- Installing: /root/install/slam_msgs/share/ament_index/resource_index/parent_prefix_path/slam_msgs
[4.154s] -- Installing: /root/install/slam_msgs/share/slam_msgs/environment/ament_prefix_path.sh
[4.154s] -- Installing: /root/install/slam_msgs/share/slam_msgs/environment/ament_prefix_path.dsv
[4.154s] -- Installing: /root/install/slam_msgs/share/slam_msgs/environment/path.sh
[4.154s] -- Installing: /root/install/slam_msgs/share/slam_msgs/environment/path.dsv
[4.154s] -- Installing: /root/install/slam_msgs/share/slam_msgs/local_setup.bash
[4.155s] -- Installing: /root/install/slam_msgs/share/slam_msgs/local_setup.sh
[4.155s] -- Installing: /root/install/slam_msgs/share/slam_msgs/local_setup.zsh
[4.155s] -- Installing: /root/install/slam_msgs/share/slam_msgs/local_setup.dsv
[4.155s] -- Installing: /root/install/slam_msgs/share/slam_msgs/package.dsv
[4.155s] -- Installing: /root/install/slam_msgs/share/ament_index/resource_index/packages/slam_msgs
[4.155s] -- Installing: /root/install/slam_msgs/share/slam_msgs/cmake/export_slam_msgs__rosidl_generator_cExport.cmake
[4.155s] -- Installing: /root/install/slam_msgs/share/slam_msgs/cmake/export_slam_msgs__rosidl_generator_cExport-noconfig.cmake
[4.155s] -- Installing: /root/install/slam_msgs/share/slam_msgs/cmake/export_slam_msgs__rosidl_typesupport_fastrtps_cExport.cmake
[4.155s] -- Installing: /root/install/slam_msgs/share/slam_msgs/cmake/export_slam_msgs__rosidl_typesupport_fastrtps_cExport-noconfig.cmake
[4.155s] -- Installing: /root/install/slam_msgs/share/slam_msgs/cmake/export_slam_msgs__rosidl_generator_cppExport.cmake
[4.155s] -- Installing: /root/install/slam_msgs/share/slam_msgs/cmake/export_slam_msgs__rosidl_typesupport_fastrtps_cppExport.cmake
[4.155s] -- Installing: /root/install/slam_msgs/share/slam_msgs/cmake/export_slam_msgs__rosidl_typesupport_fastrtps_cppExport-noconfig.cmake
[4.155s] -- Installing: /root/install/slam_msgs/share/slam_msgs/cmake/slam_msgs__rosidl_typesupport_introspection_cExport.cmake
[4.155s] -- Installing: /root/install/slam_msgs/share/slam_msgs/cmake/slam_msgs__rosidl_typesupport_introspection_cExport-noconfig.cmake
[4.155s] -- Installing: /root/install/slam_msgs/share/slam_msgs/cmake/slam_msgs__rosidl_typesupport_cExport.cmake
[4.155s] -- Installing: /root/install/slam_msgs/share/slam_msgs/cmake/slam_msgs__rosidl_typesupport_cExport-noconfig.cmake
[4.155s] -- Installing: /root/install/slam_msgs/share/slam_msgs/cmake/slam_msgs__rosidl_typesupport_introspection_cppExport.cmake
[4.155s] -- Installing: /root/install/slam_msgs/share/slam_msgs/cmake/slam_msgs__rosidl_typesupport_introspection_cppExport-noconfig.cmake
[4.156s] -- Installing: /root/install/slam_msgs/share/slam_msgs/cmake/slam_msgs__rosidl_typesupport_cppExport.cmake
[4.156s] -- Installing: /root/install/slam_msgs/share/slam_msgs/cmake/slam_msgs__rosidl_typesupport_cppExport-noconfig.cmake
[4.156s] -- Installing: /root/install/slam_msgs/share/slam_msgs/cmake/export_slam_msgs__rosidl_generator_pyExport.cmake
[4.156s] -- Installing: /root/install/slam_msgs/share/slam_msgs/cmake/export_slam_msgs__rosidl_generator_pyExport-noconfig.cmake
[4.156s] -- Installing: /root/install/slam_msgs/share/slam_msgs/cmake/rosidl_cmake-extras.cmake
[4.156s] -- Installing: /root/install/slam_msgs/share/slam_msgs/cmake/ament_cmake_export_dependencies-extras.cmake
[4.156s] -- Installing: /root/install/slam_msgs/share/slam_msgs/cmake/ament_cmake_export_include_directories-extras.cmake
[4.156s] -- Installing: /root/install/slam_msgs/share/slam_msgs/cmake/ament_cmake_export_libraries-extras.cmake
[4.156s] -- Installing: /root/install/slam_msgs/share/slam_msgs/cmake/ament_cmake_export_targets-extras.cmake
[4.156s] -- Installing: /root/install/slam_msgs/share/slam_msgs/cmake/rosidl_cmake_export_typesupport_targets-extras.cmake
[4.156s] -- Installing: /root/install/slam_msgs/share/slam_msgs/cmake/rosidl_cmake_export_typesupport_libraries-extras.cmake
[4.156s] -- Installing: /root/install/slam_msgs/share/slam_msgs/cmake/slam_msgsConfig.cmake
[4.156s] -- Installing: /root/install/slam_msgs/share/slam_msgs/cmake/slam_msgsConfig-version.cmake
[4.156s] -- Installing: /root/install/slam_msgs/share/slam_msgs/package.xml
[4.158s] Invoked command in '/root/build/slam_msgs' returned '0': CMAKE_PREFIX_PATH=${CMAKE_PREFIX_PATH}:/opt/ros/humble /usr/bin/cmake --install /root/build/slam_msgs
